<?xml version="1.0" encoding="UTF-8"?>
<testng-results ignored="0" total="2" passed="2" failed="0" skipped="0">
  <reporter-output>
  </reporter-output>
  <suite started-at="2024-07-09T11:57:01 IST" name="Default suite" finished-at="2024-07-09T11:57:45 IST" duration-ms="44130">
    <groups>
      <group name="cucumber">
        <method signature="AbstractTestNGCucumberTests.runScenario(io.cucumber.testng.PickleWrapper,io.cucumber.testng.FeatureWrapper)[pri:0, instance:Testrunner.runner@4b29d1d2]" name="runScenario" class="io.cucumber.testng.AbstractTestNGCucumberTests"/>
      </group> <!-- cucumber -->
    </groups>
    <test started-at="2024-07-09T11:57:01 IST" name="Default test" finished-at="2024-07-09T11:57:45 IST" duration-ms="44130">
      <class name="Testrunner.runner">
        <test-method is-config="true" signature="setUpClass(org.testng.ITestContext)[pri:0, instance:Testrunner.runner@4b29d1d2]" started-at="2024-07-09T11:57:01 IST" name="setUpClass" finished-at="2024-07-09T11:57:02 IST" duration-ms="445" status="PASS">
          <params>
            <param index="0">
              <value>
                <![CDATA[org.testng.TestRunner@6dab01d9]]>
              </value>
            </param>
          </params>
          <reporter-output>
          </reporter-output>
        </test-method> <!-- setUpClass -->
        <test-method signature="runScenario(io.cucumber.testng.PickleWrapper,io.cucumber.testng.FeatureWrapper)[pri:0, instance:Testrunner.runner@4b29d1d2]" started-at="2024-07-09T11:57:02 IST" name="runScenario" description="Runs Cucumber Scenarios" data-provider="scenarios" finished-at="2024-07-09T11:57:12 IST" duration-ms="10348" status="PASS">
          <params>
            <param index="0">
              <value>
                <![CDATA["Check login Succussesful With valid input and do signup"]]>
              </value>
            </param>
            <param index="1">
              <value>
                <![CDATA["user want to login to orangehrm and create Account"]]>
              </value>
            </param>
          </params>
          <reporter-output>
          </reporter-output>
        </test-method> <!-- runScenario -->
        <test-method signature="runScenario(io.cucumber.testng.PickleWrapper,io.cucumber.testng.FeatureWrapper)[pri:0, instance:Testrunner.runner@4b29d1d2]" started-at="2024-07-09T11:57:12 IST" name="runScenario" description="Runs Cucumber Scenarios" data-provider="scenarios" finished-at="2024-07-09T11:57:45 IST" duration-ms="33266" status="PASS">
          <params>
            <param index="0">
              <value>
                <![CDATA["to verify select the product,addtocart,makepayment end to end flow"]]>
              </value>
            </param>
            <param index="1">
              <value>
                <![CDATA["user want to login to orangehrm and create Account"]]>
              </value>
            </param>
          </params>
          <reporter-output>
          </reporter-output>
        </test-method> <!-- runScenario -->
        <test-method is-config="true" signature="tearDownClass()[pri:0, instance:Testrunner.runner@4b29d1d2]" started-at="2024-07-09T11:57:45 IST" name="tearDownClass" finished-at="2024-07-09T11:57:45 IST" duration-ms="27" status="PASS">
          <reporter-output>
          </reporter-output>
        </test-method> <!-- tearDownClass -->
      </class> <!-- Testrunner.runner -->
    </test> <!-- Default test -->
  </suite> <!-- Default suite -->
</testng-results>
