<?xml version="1.0" encoding="UTF-8"?>
<testng-results ignored="0" total="2" passed="2" failed="0" skipped="0">
  <reporter-output>
  </reporter-output>
  <suite started-at="2024-06-27T10:40:31 IST" name="Default suite" finished-at="2024-06-27T10:41:20 IST" duration-ms="49261">
    <groups>
      <group name="cucumber">
        <method signature="AbstractTestNGCucumberTests.runScenario(io.cucumber.testng.PickleWrapper,io.cucumber.testng.FeatureWrapper)[pri:0, instance:Testrunner.runner@6105f8a3]" name="runScenario" class="io.cucumber.testng.AbstractTestNGCucumberTests"/>
      </group> <!-- cucumber -->
    </groups>
    <test started-at="2024-06-27T10:40:31 IST" name="Default test" finished-at="2024-06-27T10:41:20 IST" duration-ms="49261">
      <class name="Testrunner.runner">
        <test-method is-config="true" signature="setUpClass(org.testng.ITestContext)[pri:0, instance:Testrunner.runner@6105f8a3]" started-at="2024-06-27T10:40:31 IST" name="setUpClass" finished-at="2024-06-27T10:40:32 IST" duration-ms="1045" status="PASS">
          <params>
            <param index="0">
              <value>
                <![CDATA[org.testng.TestRunner@3e24bab6]]>
              </value>
            </param>
          </params>
          <reporter-output>
          </reporter-output>
        </test-method> <!-- setUpClass -->
        <test-method signature="runScenario(io.cucumber.testng.PickleWrapper,io.cucumber.testng.FeatureWrapper)[pri:0, instance:Testrunner.runner@6105f8a3]" started-at="2024-06-27T10:40:32 IST" name="runScenario" description="Runs Cucumber Scenarios" data-provider="scenarios" finished-at="2024-06-27T10:40:43 IST" duration-ms="11262" status="PASS">
          <params>
            <param index="0">
              <value>
                <![CDATA["Check login Succussesful With valid input and do signup"]]>
              </value>
            </param>
            <param index="1">
              <value>
                <![CDATA["user want to login to orangehrm and create Account"]]>
              </value>
            </param>
          </params>
          <reporter-output>
          </reporter-output>
        </test-method> <!-- runScenario -->
        <test-method signature="runScenario(io.cucumber.testng.PickleWrapper,io.cucumber.testng.FeatureWrapper)[pri:0, instance:Testrunner.runner@6105f8a3]" started-at="2024-06-27T10:40:43 IST" name="runScenario" description="Runs Cucumber Scenarios" data-provider="scenarios" finished-at="2024-06-27T10:41:20 IST" duration-ms="36870" status="PASS">
          <params>
            <param index="0">
              <value>
                <![CDATA["to verify select the product,addtocart,makepayment end to end flow"]]>
              </value>
            </param>
            <param index="1">
              <value>
                <![CDATA["user want to login to orangehrm and create Account"]]>
              </value>
            </param>
          </params>
          <reporter-output>
          </reporter-output>
        </test-method> <!-- runScenario -->
        <test-method is-config="true" signature="tearDownClass()[pri:0, instance:Testrunner.runner@6105f8a3]" started-at="2024-06-27T10:41:20 IST" name="tearDownClass" finished-at="2024-06-27T10:41:20 IST" duration-ms="27" status="PASS">
          <reporter-output>
          </reporter-output>
        </test-method> <!-- tearDownClass -->
      </class> <!-- Testrunner.runner -->
    </test> <!-- Default test -->
  </suite> <!-- Default suite -->
</testng-results>
